<?xml version="1.0" encoding="utf-8"?><testsuites name="pytest tests"><testsuite name="pytest" errors="0" failures="0" skipped="0" tests="101" time="138.136" timestamp="2026-03-01T14:20:08.651665-06:00" hostname="ChocolateApples"><testcase classname="tests.test_01_sanity_and_free" name="test_hamiltonian_hermitian_over_grid" time="0.001" /><testcase classname="tests.test_01_sanity_and_free" name="test_free_evolution_phase_k0_chi0" time="0.003" /><testcase classname="tests.test_01_sanity_and_free" name="test_no_drive_populations_constant" time="0.002" /><testcase classname="tests.test_01_sanity_and_free" name="test_kerr_only_phase_matches_analytic" time="0.002" /><testcase classname="tests.test_02_cavity_drive_and_kerr" name="test_linear_cavity_drive_coherent_signature" time="0.004" /><testcase classname="tests.test_02_cavity_drive_and_kerr" name="test_kerr_signature_and_timestep_refinement" time="0.009" /><testcase classname="tests.test_03_dispersive_and_ramsey" name="test_chi_conditional_phase_scales_with_photon_number" time="0.004" /><testcase classname="tests.test_03_dispersive_and_ramsey" name="test_ramsey_pull_with_cavity_photons" time="0.042" /><testcase classname="tests.test_04_xy_phase_and_overlap" name="test_xpi2_plus_xpi2_equals_xpi" time="0.003" /><testcase classname="tests.test_04_xy_phase_and_overlap" name="test_x_then_y_composition_phase_shift" time="0.004" /><testcase classname="tests.test_04_xy_phase_and_overlap" name="test_overlap_additivity_and_cancellation" time="0.001" /><testcase classname="tests.test_05_detuning_and_frames" name="test_detuned_drive_reduces_inversion" time="0.006" /><testcase classname="tests.test_05_detuning_and_frames" name="test_frame_invariance_for_observables" time="0.006" /><testcase classname="tests.test_06_leakage_drag_and_higher_order" name="test_multilevel_leakage_and_drag_directionality" time="0.009" /><testcase classname="tests.test_06_leakage_drag_and_higher_order" name="test_higher_order_terms_smoke" time="0.007" /><testcase classname="tests.test_07_convergence_regression" name="test_numerical_convergence_and_regression" time="0.021" /><testcase classname="tests.test_08_timeline_and_hardware" name="test_timeline_overlap_boundaries_alignment" time="0.001" /><testcase classname="tests.test_08_timeline_and_hardware" name="test_iq_imbalance_image_tone" time="0.002" /><testcase classname="tests.test_08_timeline_and_hardware" name="test_dc_offset_generates_lo_leakage" time="0.001" /><testcase classname="tests.test_09_runtime_policy" name="test_fast_path_runtime_budget" time="0.003" /><testcase classname="tests.test_10_chi_convention" name="test_chi_is_qubit_fock_peak_spacing_definition" time="0.320" /><testcase classname="tests.test_10_chi_convention" name="test_chi_ramsey_phase_slope_equals_n_times_chi" time="0.149" /><testcase classname="tests.test_10_chi_convention" name="test_chi_projector_vs_pauli_equivalence_with_offset" time="0.002" /><testcase classname="tests.test_10_chi_convention" name="test_chi_sign_matches_pull_direction" time="0.065" /><testcase classname="tests.test_11_model_invariants" name="test_unitarity_closed_system_sesolve" time="0.003" /><testcase classname="tests.test_11_model_invariants" name="test_master_equation_trace_preserved_with_collapse_ops" time="0.003" /><testcase classname="tests.test_11_model_invariants" name="test_energy_conservation_when_time_independent" time="0.004" /><testcase classname="tests.test_11_model_invariants" name="test_chi_zero_reduces_to_decoupled_tensor_evolution" time="0.005" /><testcase classname="tests.test_11_model_invariants" name="test_truncation_monotonicity_cavity_cutoff" time="0.012" /><testcase classname="tests.test_12_pulse_semantics" name="test_virtual_z_phase_shift_equivalence" time="0.005" /><testcase classname="tests.test_12_pulse_semantics" name="test_phase_continuity_across_wait_with_detuning" time="0.013" /><testcase classname="tests.test_12_pulse_semantics" name="test_same_area_different_shape_same_rotation_small_signal" time="0.008" /><testcase classname="tests.test_12_pulse_semantics" name="test_drag_quadrature_orthogonality" time="0.001" /><testcase classname="tests.test_12_pulse_semantics" name="test_idle_then_echo_cancels_static_detuning" time="0.017" /><testcase classname="tests.test_12_pulse_semantics" name="test_two_pulse_commutation_noncommuting_axes" time="0.006" /><testcase classname="tests.test_12_pulse_semantics" name="test_overlapping_pulses_commutativity_limit_small_dt" time="0.015" /><testcase classname="tests.test_13_hardware_extended" name="test_zoh_hold_equivalence_to_piecewise_constant" time="0.001" /><testcase classname="tests.test_13_hardware_extended" name="test_lowpass_filter_group_delay_and_amplitude_rolloff" time="0.003" /><testcase classname="tests.test_13_hardware_extended" name="test_iq_sideband_selection_usb_lsb" time="0.008" /><testcase classname="tests.test_13_hardware_extended" name="test_amplitude_quantization_effect_is_bounded" time="0.005" /><testcase classname="tests.test_13_hardware_extended" name="test_channel_crosstalk_matrix_smoke" time="0.008" /><testcase classname="tests.test_13_hardware_extended" name="test_timing_quantization_rounding_rules" time="0.000" /><testcase classname="tests.test_14_dissipation" name="test_t1_relaxation_matches_exponential" time="0.004" /><testcase classname="tests.test_14_dissipation" name="test_tphi_dephasing_matches_ramsey_envelope" time="0.009" /><testcase classname="tests.test_14_dissipation" name="test_chi_with_t1_does_not_break_trace_or_positivity" time="0.003" /><testcase classname="tests.test_15_numerics_performance" name="test_solver_step_control_respects_max_step" time="0.025" /><testcase classname="tests.test_15_numerics_performance" name="test_compile_cache_reuse_speeds_up_repeated_runs" time="0.001" /><testcase classname="tests.test_15_numerics_performance" name="test_runtime_scales_reasonably_with_dimensionality_smoke" time="0.006" /><testcase classname="tests.test_16_ideal_primitives_and_extractors" name="test_ideal_rotation_mapping_x90_and_y90" time="0.001" /><testcase classname="tests.test_16_ideal_primitives_and_extractors" name="test_ideal_rotation_composition_x90_x90_equals_x180" time="0.001" /><testcase classname="tests.test_16_ideal_primitives_and_extractors" name="test_ideal_rotation_inverse_cancels" time="0.001" /><testcase classname="tests.test_16_ideal_primitives_and_extractors" name="test_ideal_rotation_noncommuting_axes" time="0.001" /><testcase classname="tests.test_16_ideal_primitives_and_extractors" name="test_displacement_vacuum_to_coherent_moments" time="0.001" /><testcase classname="tests.test_16_ideal_primitives_and_extractors" name="test_displacement_composition_and_phase" time="0.001" /><testcase classname="tests.test_16_ideal_primitives_and_extractors" name="test_displacement_undo" time="0.001" /><testcase classname="tests.test_16_ideal_primitives_and_extractors" name="test_snap_acts_diagonal_in_fock" time="0.001" /><testcase classname="tests.test_16_ideal_primitives_and_extractors" name="test_snap_identity_when_all_phases_zero" time="0.001" /><testcase classname="tests.test_16_ideal_primitives_and_extractors" name="test_snap_global_phase_irrelevance" time="0.001" /><testcase classname="tests.test_16_ideal_primitives_and_extractors" name="test_sqr_applies_rotation_only_on_target_fock" time="0.002" /><testcase classname="tests.test_16_ideal_primitives_and_extractors" name="test_sqr_linearity_on_superposition" time="0.002" /><testcase classname="tests.test_16_ideal_primitives_and_extractors" name="test_sqr_reduces_to_global_rotation_when_theta_phi_constant" time="0.002" /><testcase classname="tests.test_16_ideal_primitives_and_extractors" name="test_bloch_extractor_for_known_pure_states" time="0.001" /><testcase classname="tests.test_16_ideal_primitives_and_extractors" name="test_conditional_bloch_extractor_matches_postselection" time="0.001" /><testcase classname="tests.test_16_ideal_primitives_and_extractors" name="test_conditional_extractor_handles_zero_probability" time="0.001" /><testcase classname="tests.test_16_ideal_primitives_and_extractors" name="test_wigner_vacuum_gaussian_and_normalized" time="0.002" /><testcase classname="tests.test_16_ideal_primitives_and_extractors" name="test_wigner_fock_state_negativity" time="0.002" /><testcase classname="tests.test_16_ideal_primitives_and_extractors" name="test_wigner_displaced_vacuum_center_shifts" time="0.003" /><testcase classname="tests.test_16_ideal_primitives_and_extractors" name="test_plot_helpers_return_correct_shapes_and_axes" time="0.001" /><testcase classname="tests.test_17_gate_library_integration" name="test_pulse_x90_matches_ideal_rotation_in_linear_regime" time="0.003" /><testcase classname="tests.test_17_gate_library_integration" name="test_pulse_displacement_matches_ideal_displacement_k0" time="0.004" /><testcase classname="tests.test_18_noise_and_sideband" name="test_qubit_t1_decay_matches_exponential" time="0.004" /><testcase classname="tests.test_18_noise_and_sideband" name="test_qubit_tphi_dephasing_ramsey_envelope" time="0.009" /><testcase classname="tests.test_18_noise_and_sideband" name="test_cavity_ringdown_matches_kappa" time="0.006" /><testcase classname="tests.test_18_noise_and_sideband" name="test_thermal_steady_state_matches_nth" time="0.020" /><testcase classname="tests.test_18_noise_and_sideband" name="test_trace_preserved_and_positivity_bounded_open_system" time="0.005" /><testcase classname="tests.test_18_noise_and_sideband" name="test_sideband_swap_one_photon_pi_pulse" time="0.007" /><testcase classname="tests.test_18_noise_and_sideband" name="test_sideband_oscillation_frequency_matches_g" time="0.023" /><testcase classname="tests.test_18_noise_and_sideband" name="test_sideband_selectivity_breaks_with_detuning" time="0.016" /><testcase classname="tests.test_18_noise_and_sideband" name="test_sideband_with_kerr_still_conserves_excitation_number_closed" time="0.005" /><testcase classname="tests.test_18_noise_and_sideband" name="test_beamsplitter_swap_between_modes" time="0.001" /><testcase classname="tests.test_19_fock_tomo" name="test_unit_convention_ringdown_ro_kappa_matches_choice" time="0.000" /><testcase classname="tests.test_19_fock_tomo" name="test_all_xy_passes_after_autocal" time="1.845" /><testcase classname="tests.test_19_fock_tomo" name="test_fock_tomo_ideal_recovers_exact_blocks" time="0.103" /><testcase classname="tests.test_19_fock_tomo" name="test_fock_tomo_realistic_baseline_on_known_states" time="1.794" /><testcase classname="tests.test_19_fock_tomo" name="test_leakage_calibration_unmixing_improves_rmse" time="26.441" /><testcase classname="tests.test_19_fock_tomo" name="test_selective_pi_minimizes_offmanifold_action" time="0.168" /><testcase classname="tests.test_19_fock_tomo" name="test_fock_tomo_runtime_budget" time="0.841" /><testcase classname="tests.test_convergence_and_runtime" name="test_convergence_and_runtime" time="0.583" /><testcase classname="tests.test_no_extra_frequencies" name="test_no_extra_frequencies" time="0.003" /><testcase classname="tests.test_optimization_limit" name="test_optimization_limit" time="38.539" /><testcase classname="tests.test_prl133_components_consistency" name="test_prl133_components_shrink_for_longer_gate" time="46.125" /><testcase classname="tests.test_prl133_metric_bounds" name="test_metric_bounds_and_per_manifold_bounds" time="0.026" /><testcase classname="tests.test_prl133_metric_bounds" name="test_metric_bounds_fail_fast" time="0.000" /><testcase classname="tests.test_prl133_metric_relation" name="test_prl133_error_vector_norm_is_secondary_and_related" time="0.554" /><testcase classname="tests.test_prl133_unitarity_trace" name="test_prl133_closed_system_unitarity_and_trace" time="0.018" /><testcase classname="tests.test_reproduce_baseline" name="test_reproduce_baseline" time="13.219" /><testcase classname="tests.test_snap_opt_achieves_zero_coherent_error_above_limit" name="test_snap_opt_hits_threshold_above_topt" time="1.159" /><testcase classname="tests.test_snap_opt_converges" name="test_snap_opt_converges_from_vanilla" time="0.453" /><testcase classname="tests.test_snap_opt_generalization_sweeps" name="test_snap_opt_fails_below_topt_and_runtime_budget" time="0.706" /><testcase classname="tests.test_snap_opt_generalization_sweeps" name="test_snap_opt_generalization_sweeps" time="2.842" /><testcase classname="tests.test_snap_opt_preserves_low_frequency_content" name="test_no_extra_frequencies_introduced" time="0.979" /></testsuite></testsuites>